2019-08-13 20:42:11.049 [main] DEBUG com.imooc.o2o.dao.ShopDao.queryShopList - ==>  Preparing: SELECT s.shop_id, s.shop_name, s.shop_desc, s.shop_addr, s.phone, s.shop_img, s.priority, s.create_time, s.last_edit_time, s.enable_status, s.advice, a.area_id, a.area_name, sc.shop_category_id, sc.shop_category_name FROM tb_shop s, tb_area a, tb_shop_category sc WHERE s.owner_id = ? AND s.area_id = a.area_id AND s.shop_category_id = sc.shop_category_id ORDER BY s.priority DESC LIMIT ?, ? 
2019-08-13 20:42:11.111 [main] DEBUG com.imooc.o2o.dao.ShopDao.queryShopList - ==> Parameters: 1(Long), 0(Integer), 3(Integer)
2019-08-13 20:42:11.151 [main] DEBUG com.imooc.o2o.dao.ShopDao.queryShopList - <==      Total: 3
2019-08-13 20:45:27.235 [main] DEBUG com.imooc.o2o.dao.ShopDao.queryShopList - ==>  Preparing: SELECT s.shop_id, s.shop_name, s.shop_desc, s.shop_addr, s.phone, s.shop_img, s.priority, s.create_time, s.last_edit_time, s.enable_status, s.advice, a.area_id, a.area_name, sc.shop_category_id, sc.shop_category_name FROM tb_shop s, tb_area a, tb_shop_category sc WHERE s.owner_id = ? AND s.area_id = a.area_id AND s.shop_category_id = sc.shop_category_id ORDER BY s.priority DESC LIMIT ?, ? 
2019-08-13 20:45:27.276 [main] DEBUG com.imooc.o2o.dao.ShopDao.queryShopList - ==> Parameters: 1(Long), 0(Integer), 3(Integer)
2019-08-13 20:45:27.297 [main] DEBUG com.imooc.o2o.dao.ShopDao.queryShopList - <==      Total: 3
2019-08-13 20:45:27.304 [main] DEBUG com.imooc.o2o.dao.ShopDao.queryShopCount - ==>  Preparing: SELECT count(1) FROM tb_shop s, tb_area a, tb_shop_category sc WHERE s.owner_id = ? AND s.area_id = a.area_id AND s.shop_category_id = sc.shop_category_id 
2019-08-13 20:45:27.305 [main] DEBUG com.imooc.o2o.dao.ShopDao.queryShopCount - ==> Parameters: 1(Long)
2019-08-13 20:45:27.365 [main] DEBUG com.imooc.o2o.dao.ShopDao.queryShopCount - <==      Total: 1
2019-08-13 20:48:34.788 [main] DEBUG com.imooc.o2o.dao.ShopDao.queryShopList - ==>  Preparing: SELECT s.shop_id, s.shop_name, s.shop_desc, s.shop_addr, s.phone, s.shop_img, s.priority, s.create_time, s.last_edit_time, s.enable_status, s.advice, a.area_id, a.area_name, sc.shop_category_id, sc.shop_category_name FROM tb_shop s, tb_area a, tb_shop_category sc WHERE s.owner_id = ? AND s.area_id = a.area_id AND s.shop_category_id = sc.shop_category_id ORDER BY s.priority DESC LIMIT ?, ? 
2019-08-13 20:48:34.827 [main] DEBUG com.imooc.o2o.dao.ShopDao.queryShopList - ==> Parameters: 1(Long), 0(Integer), 3(Integer)
2019-08-13 20:48:34.848 [main] DEBUG com.imooc.o2o.dao.ShopDao.queryShopList - <==      Total: 3
2019-08-13 20:48:34.856 [main] DEBUG com.imooc.o2o.dao.ShopDao.queryShopCount - ==>  Preparing: SELECT count(1) FROM tb_shop s, tb_area a, tb_shop_category sc WHERE s.owner_id = ? AND s.area_id = a.area_id AND s.shop_category_id = sc.shop_category_id 
2019-08-13 20:48:34.856 [main] DEBUG com.imooc.o2o.dao.ShopDao.queryShopCount - ==> Parameters: 1(Long)
2019-08-13 20:48:34.858 [main] DEBUG com.imooc.o2o.dao.ShopDao.queryShopCount - <==      Total: 1
2019-08-13 20:59:53.764 [main] DEBUG com.imooc.o2o.dao.ShopDao.queryShopList - ==>  Preparing: SELECT s.shop_id, s.shop_name, s.shop_desc, s.shop_addr, s.phone, s.shop_img, s.priority, s.create_time, s.last_edit_time, s.enable_status, s.advice, a.area_id, a.area_name, sc.shop_category_id, sc.shop_category_name FROM tb_shop s, tb_area a, tb_shop_category sc WHERE s.owner_id = ? AND s.area_id = a.area_id AND s.shop_category_id = sc.shop_category_id ORDER BY s.priority DESC LIMIT ?, ? 
2019-08-13 20:59:54.898 [main] DEBUG com.imooc.o2o.dao.ShopDao.queryShopList - ==> Parameters: 1(Long), 0(Integer), 3(Integer)
2019-08-13 20:59:54.925 [main] DEBUG com.imooc.o2o.dao.ShopDao.queryShopList - <==      Total: 3
2019-08-13 20:59:54.937 [main] DEBUG com.imooc.o2o.dao.ShopDao.queryShopCount - ==>  Preparing: SELECT count(1) FROM tb_shop s, tb_area a, tb_shop_category sc WHERE s.owner_id = ? AND s.area_id = a.area_id AND s.shop_category_id = sc.shop_category_id 
2019-08-13 20:59:54.937 [main] DEBUG com.imooc.o2o.dao.ShopDao.queryShopCount - ==> Parameters: 1(Long)
2019-08-13 20:59:54.939 [main] DEBUG com.imooc.o2o.dao.ShopDao.queryShopCount - <==      Total: 1
2019-08-13 21:08:21.313 [main] DEBUG com.imooc.o2o.dao.ShopDao.queryShopList - ==>  Preparing: SELECT s.shop_id, s.shop_name, s.shop_desc, s.shop_addr, s.phone, s.shop_img, s.priority, s.create_time, s.last_edit_time, s.enable_status, s.advice, a.area_id, a.area_name, sc.shop_category_id, sc.shop_category_name FROM tb_shop s, tb_area a, tb_shop_category sc WHERE s.owner_id = ? AND s.area_id = a.area_id AND s.shop_category_id = sc.shop_category_id ORDER BY s.priority DESC LIMIT ?, ? 
2019-08-13 21:08:21.383 [main] DEBUG com.imooc.o2o.dao.ShopDao.queryShopList - ==> Parameters: 1(Long), 0(Integer), 3(Integer)
2019-08-13 21:08:21.402 [main] DEBUG com.imooc.o2o.dao.ShopDao.queryShopList - <==      Total: 3
2019-08-13 21:08:21.411 [main] DEBUG com.imooc.o2o.dao.ShopDao.queryShopCount - ==>  Preparing: SELECT count(1) FROM tb_shop s, tb_area a, tb_shop_category sc WHERE s.owner_id = ? AND s.area_id = a.area_id AND s.shop_category_id = sc.shop_category_id 
2019-08-13 21:08:21.411 [main] DEBUG com.imooc.o2o.dao.ShopDao.queryShopCount - ==> Parameters: 1(Long)
2019-08-13 21:08:21.413 [main] DEBUG com.imooc.o2o.dao.ShopDao.queryShopCount - <==      Total: 1
2019-08-13 21:08:36.127 [main] DEBUG com.imooc.o2o.dao.ShopDao.queryShopList - ==>  Preparing: SELECT s.shop_id, s.shop_name, s.shop_desc, s.shop_addr, s.phone, s.shop_img, s.priority, s.create_time, s.last_edit_time, s.enable_status, s.advice, a.area_id, a.area_name, sc.shop_category_id, sc.shop_category_name FROM tb_shop s, tb_area a, tb_shop_category sc WHERE s.owner_id = ? AND s.area_id = a.area_id AND s.shop_category_id = sc.shop_category_id ORDER BY s.priority DESC LIMIT ?, ? 
2019-08-13 21:08:36.190 [main] DEBUG com.imooc.o2o.dao.ShopDao.queryShopList - ==> Parameters: 1(Long), 0(Integer), 3(Integer)
2019-08-13 21:08:36.216 [main] DEBUG com.imooc.o2o.dao.ShopDao.queryShopList - <==      Total: 3
2019-08-13 21:08:36.222 [main] DEBUG com.imooc.o2o.dao.ShopDao.queryShopCount - ==>  Preparing: SELECT count(1) FROM tb_shop s, tb_area a, tb_shop_category sc WHERE s.owner_id = ? AND s.area_id = a.area_id AND s.shop_category_id = sc.shop_category_id 
2019-08-13 21:08:36.223 [main] DEBUG com.imooc.o2o.dao.ShopDao.queryShopCount - ==> Parameters: 1(Long)
2019-08-13 21:08:36.224 [main] DEBUG com.imooc.o2o.dao.ShopDao.queryShopCount - <==      Total: 1
2019-08-13 21:08:51.650 [main] DEBUG com.imooc.o2o.dao.ShopDao.queryShopList - ==>  Preparing: SELECT s.shop_id, s.shop_name, s.shop_desc, s.shop_addr, s.phone, s.shop_img, s.priority, s.create_time, s.last_edit_time, s.enable_status, s.advice, a.area_id, a.area_name, sc.shop_category_id, sc.shop_category_name FROM tb_shop s, tb_area a, tb_shop_category sc WHERE s.owner_id = ? AND s.area_id = a.area_id AND s.shop_category_id = sc.shop_category_id ORDER BY s.priority DESC LIMIT ?, ? 
2019-08-13 21:08:51.709 [main] DEBUG com.imooc.o2o.dao.ShopDao.queryShopList - ==> Parameters: 1(Long), 0(Integer), 3(Integer)
2019-08-13 21:08:51.736 [main] DEBUG com.imooc.o2o.dao.ShopDao.queryShopList - <==      Total: 3
2019-08-13 21:08:51.743 [main] DEBUG com.imooc.o2o.dao.ShopDao.queryShopCount - ==>  Preparing: SELECT count(1) FROM tb_shop s, tb_area a, tb_shop_category sc WHERE s.owner_id = ? AND s.area_id = a.area_id AND s.shop_category_id = sc.shop_category_id 
2019-08-13 21:08:51.744 [main] DEBUG com.imooc.o2o.dao.ShopDao.queryShopCount - ==> Parameters: 1(Long)
2019-08-13 21:08:51.745 [main] DEBUG com.imooc.o2o.dao.ShopDao.queryShopCount - <==      Total: 1
2019-08-13 21:09:35.909 [main] DEBUG com.imooc.o2o.dao.ShopDao.queryShopList - ==>  Preparing: SELECT s.shop_id, s.shop_name, s.shop_desc, s.shop_addr, s.phone, s.shop_img, s.priority, s.create_time, s.last_edit_time, s.enable_status, s.advice, a.area_id, a.area_name, sc.shop_category_id, sc.shop_category_name FROM tb_shop s, tb_area a, tb_shop_category sc WHERE s.owner_id = ? AND s.area_id = a.area_id AND s.shop_category_id = sc.shop_category_id ORDER BY s.priority DESC LIMIT ?, ? 
2019-08-13 21:09:35.970 [main] DEBUG com.imooc.o2o.dao.ShopDao.queryShopList - ==> Parameters: 1(Long), 0(Integer), 3(Integer)
2019-08-13 21:09:35.992 [main] DEBUG com.imooc.o2o.dao.ShopDao.queryShopList - <==      Total: 3
2019-08-13 21:09:35.998 [main] DEBUG com.imooc.o2o.dao.ShopDao.queryShopCount - ==>  Preparing: SELECT count(1) FROM tb_shop s, tb_area a, tb_shop_category sc WHERE s.owner_id = ? AND s.area_id = a.area_id AND s.shop_category_id = sc.shop_category_id 
2019-08-13 21:09:35.999 [main] DEBUG com.imooc.o2o.dao.ShopDao.queryShopCount - ==> Parameters: 1(Long)
2019-08-13 21:09:36.000 [main] DEBUG com.imooc.o2o.dao.ShopDao.queryShopCount - <==      Total: 1
2019-08-13 21:10:22.551 [main] DEBUG com.imooc.o2o.dao.ShopDao.queryShopList - ==>  Preparing: SELECT s.shop_id, s.shop_name, s.shop_desc, s.shop_addr, s.phone, s.shop_img, s.priority, s.create_time, s.last_edit_time, s.enable_status, s.advice, a.area_id, a.area_name, sc.shop_category_id, sc.shop_category_name FROM tb_shop s, tb_area a, tb_shop_category sc WHERE s.owner_id = ? AND s.area_id = a.area_id AND s.shop_category_id = sc.shop_category_id ORDER BY s.priority DESC LIMIT ?, ? 
2019-08-13 21:10:22.598 [main] DEBUG com.imooc.o2o.dao.ShopDao.queryShopList - ==> Parameters: 1(Long), 0(Integer), 3(Integer)
2019-08-13 21:10:22.618 [main] DEBUG com.imooc.o2o.dao.ShopDao.queryShopList - <==      Total: 3
2019-08-13 21:10:22.625 [main] DEBUG com.imooc.o2o.dao.ShopDao.queryShopCount - ==>  Preparing: SELECT count(1) FROM tb_shop s, tb_area a, tb_shop_category sc WHERE s.owner_id = ? AND s.area_id = a.area_id AND s.shop_category_id = sc.shop_category_id 
2019-08-13 21:10:22.626 [main] DEBUG com.imooc.o2o.dao.ShopDao.queryShopCount - ==> Parameters: 1(Long)
2019-08-13 21:10:22.627 [main] DEBUG com.imooc.o2o.dao.ShopDao.queryShopCount - <==      Total: 1
2019-08-13 21:11:22.628 [main] DEBUG com.imooc.o2o.dao.ShopDao.queryShopList - ==>  Preparing: SELECT s.shop_id, s.shop_name, s.shop_desc, s.shop_addr, s.phone, s.shop_img, s.priority, s.create_time, s.last_edit_time, s.enable_status, s.advice, a.area_id, a.area_name, sc.shop_category_id, sc.shop_category_name FROM tb_shop s, tb_area a, tb_shop_category sc WHERE s.owner_id = ? AND s.area_id = a.area_id AND s.shop_category_id = sc.shop_category_id ORDER BY s.priority DESC LIMIT ?, ? 
2019-08-13 21:11:22.683 [main] DEBUG com.imooc.o2o.dao.ShopDao.queryShopList - ==> Parameters: 1(Long), 0(Integer), 3(Integer)
2019-08-13 21:11:22.707 [main] DEBUG com.imooc.o2o.dao.ShopDao.queryShopList - <==      Total: 3
2019-08-13 21:11:22.714 [main] DEBUG com.imooc.o2o.dao.ShopDao.queryShopCount - ==>  Preparing: SELECT count(1) FROM tb_shop s, tb_area a, tb_shop_category sc WHERE s.owner_id = ? AND s.area_id = a.area_id AND s.shop_category_id = sc.shop_category_id 
2019-08-13 21:11:22.715 [main] DEBUG com.imooc.o2o.dao.ShopDao.queryShopCount - ==> Parameters: 1(Long)
2019-08-13 21:11:22.716 [main] DEBUG com.imooc.o2o.dao.ShopDao.queryShopCount - <==      Total: 1
2019-08-13 21:17:35.011 [main] DEBUG com.imooc.o2o.dao.ShopDao.queryShopList - ==>  Preparing: SELECT s.shop_id, s.shop_name, s.shop_desc, s.shop_addr, s.phone, s.shop_img, s.priority, s.create_time, s.last_edit_time, s.enable_status, s.advice, a.area_id, a.area_name, sc.shop_category_id, sc.shop_category_name FROM tb_shop s, tb_area a, tb_shop_category sc WHERE s.owner_id = ? AND s.area_id = a.area_id AND s.shop_category_id = sc.shop_category_id ORDER BY s.priority DESC LIMIT ?, ? 
2019-08-13 21:17:35.415 [main] DEBUG com.imooc.o2o.dao.ShopDao.queryShopList - ==> Parameters: 1(Long), 0(Integer), 3(Integer)
2019-08-13 21:17:35.752 [main] DEBUG com.imooc.o2o.dao.ShopDao.queryShopList - <==      Total: 3
2019-08-13 21:18:05.248 [main] DEBUG com.imooc.o2o.dao.ShopDao.queryShopCount - ==>  Preparing: SELECT count(1) FROM tb_shop s, tb_area a, tb_shop_category sc WHERE s.owner_id = ? AND s.area_id = a.area_id AND s.shop_category_id = sc.shop_category_id 
2019-08-13 21:18:05.259 [main] DEBUG com.imooc.o2o.dao.ShopDao.queryShopCount - ==> Parameters: 1(Long)
2019-08-13 21:18:05.303 [main] DEBUG com.imooc.o2o.dao.ShopDao.queryShopCount - <==      Total: 1
2019-08-13 21:44:54.998 [main] DEBUG com.imooc.o2o.dao.ShopDao.queryShopList - ==>  Preparing: SELECT s.shop_id, s.shop_name, s.shop_desc, s.shop_addr, s.phone, s.shop_img, s.priority, s.create_time, s.last_edit_time, s.enable_status, s.advice, a.area_id, a.area_name, sc.shop_category_id, sc.shop_category_name FROM tb_shop s, tb_area a, tb_shop_category sc WHERE s.owner_id = ? AND s.area_id = a.area_id AND s.shop_category_id = sc.shop_category_id ORDER BY s.priority DESC LIMIT ?, ? 
2019-08-13 21:44:55.058 [main] DEBUG com.imooc.o2o.dao.ShopDao.queryShopList - ==> Parameters: 1(Long), 0(Integer), 3(Integer)
2019-08-13 21:44:55.083 [main] DEBUG com.imooc.o2o.dao.ShopDao.queryShopList - <==      Total: 3
2019-08-13 21:44:55.089 [main] DEBUG com.imooc.o2o.dao.ShopDao.queryShopCount - ==>  Preparing: SELECT count(1) FROM tb_shop s, tb_area a, tb_shop_category sc WHERE s.owner_id = ? AND s.area_id = a.area_id AND s.shop_category_id = sc.shop_category_id 
2019-08-13 21:44:55.090 [main] DEBUG com.imooc.o2o.dao.ShopDao.queryShopCount - ==> Parameters: 1(Long)
2019-08-13 21:44:55.091 [main] DEBUG com.imooc.o2o.dao.ShopDao.queryShopCount - <==      Total: 1
2019-08-13 21:44:55.092 [main] DEBUG com.imooc.o2o.dao.ShopDao.queryShopList - ==>  Preparing: SELECT s.shop_id, s.shop_name, s.shop_desc, s.shop_addr, s.phone, s.shop_img, s.priority, s.create_time, s.last_edit_time, s.enable_status, s.advice, a.area_id, a.area_name, sc.shop_category_id, sc.shop_category_name FROM tb_shop s, tb_area a, tb_shop_category sc WHERE s.shop_category_id = ? AND s.owner_id = ? AND s.area_id = a.area_id AND s.shop_category_id = sc.shop_category_id ORDER BY s.priority DESC LIMIT ?, ? 
2019-08-13 21:44:55.093 [main] DEBUG com.imooc.o2o.dao.ShopDao.queryShopList - ==> Parameters: 1(Long), 1(Long), 0(Integer), 2(Integer)
2019-08-13 21:44:55.097 [main] DEBUG com.imooc.o2o.dao.ShopDao.queryShopList - <==      Total: 2
2019-08-13 21:44:55.098 [main] DEBUG com.imooc.o2o.dao.ShopDao.queryShopCount - ==>  Preparing: SELECT count(1) FROM tb_shop s, tb_area a, tb_shop_category sc WHERE s.shop_category_id = ? AND s.owner_id = ? AND s.area_id = a.area_id AND s.shop_category_id = sc.shop_category_id 
2019-08-13 21:44:55.098 [main] DEBUG com.imooc.o2o.dao.ShopDao.queryShopCount - ==> Parameters: 1(Long), 1(Long)
2019-08-13 21:44:55.099 [main] DEBUG com.imooc.o2o.dao.ShopDao.queryShopCount - <==      Total: 1
2019-08-13 22:11:45.655 [main] DEBUG com.imooc.o2o.dao.ShopDao.queryShopList - ==>  Preparing: SELECT s.shop_id, s.shop_name, s.shop_desc, s.shop_addr, s.phone, s.shop_img, s.priority, s.create_time, s.last_edit_time, s.enable_status, s.advice, a.area_id, a.area_name, sc.shop_category_id, sc.shop_category_name FROM tb_shop s, tb_area a, tb_shop_category sc WHERE s.shop_category_id = ? AND s.area_id = a.area_id AND s.shop_category_id = sc.shop_category_id ORDER BY s.priority DESC LIMIT ?, ? 
2019-08-13 22:11:45.697 [main] DEBUG com.imooc.o2o.dao.ShopDao.queryShopList - ==> Parameters: 1(Long), 0(Integer), 2(Integer)
2019-08-13 22:11:45.725 [main] DEBUG com.imooc.o2o.dao.ShopDao.queryShopList - <==      Total: 2
2019-08-13 22:11:45.731 [main] DEBUG com.imooc.o2o.dao.ShopDao.queryShopCount - ==>  Preparing: SELECT count(1) FROM tb_shop s, tb_area a, tb_shop_category sc WHERE s.shop_category_id = ? AND s.area_id = a.area_id AND s.shop_category_id = sc.shop_category_id 
2019-08-13 22:11:45.732 [main] DEBUG com.imooc.o2o.dao.ShopDao.queryShopCount - ==> Parameters: 1(Long)
2019-08-13 22:11:45.733 [main] DEBUG com.imooc.o2o.dao.ShopDao.queryShopCount - <==      Total: 1
2019-08-13 22:12:07.710 [main] DEBUG com.imooc.o2o.dao.ShopDao.queryShopList - ==>  Preparing: SELECT s.shop_id, s.shop_name, s.shop_desc, s.shop_addr, s.phone, s.shop_img, s.priority, s.create_time, s.last_edit_time, s.enable_status, s.advice, a.area_id, a.area_name, sc.shop_category_id, sc.shop_category_name FROM tb_shop s, tb_area a, tb_shop_category sc WHERE s.shop_category_id = ? AND s.area_id = a.area_id AND s.shop_category_id = sc.shop_category_id ORDER BY s.priority DESC LIMIT ?, ? 
2019-08-13 22:12:07.750 [main] DEBUG com.imooc.o2o.dao.ShopDao.queryShopList - ==> Parameters: 1(Long), 2(Integer), 2(Integer)
2019-08-13 22:12:07.775 [main] DEBUG com.imooc.o2o.dao.ShopDao.queryShopList - <==      Total: 1
2019-08-13 22:12:07.782 [main] DEBUG com.imooc.o2o.dao.ShopDao.queryShopCount - ==>  Preparing: SELECT count(1) FROM tb_shop s, tb_area a, tb_shop_category sc WHERE s.shop_category_id = ? AND s.area_id = a.area_id AND s.shop_category_id = sc.shop_category_id 
2019-08-13 22:12:07.783 [main] DEBUG com.imooc.o2o.dao.ShopDao.queryShopCount - ==> Parameters: 1(Long)
2019-08-13 22:12:07.784 [main] DEBUG com.imooc.o2o.dao.ShopDao.queryShopCount - <==      Total: 1
